2023-05-02 14:20:35.020  INFO 17004 --- [restartedMain] com.mycom.trip.EnjoyTripApplication      : Starting EnjoyTripApplication using Java 1.8.0_192 on DESKTOP-DOGVPUB with PID 17004 (C:\SSAFY\KIMKYURI\STS-Workspace\enjoytrip_6_spring_10j_g_l\EnjoyTrip\bin\main started by SSAFY in C:\SSAFY\KIMKYURI\STS-Workspace\enjoytrip_6_spring_10j_g_l\EnjoyTrip)
2023-05-02 14:20:35.021  INFO 17004 --- [restartedMain] com.mycom.trip.EnjoyTripApplication      : No active profile set, falling back to 1 default profile: "default"
2023-05-02 14:20:35.053  INFO 17004 --- [restartedMain] .e.DevToolsPropertyDefaultsPostProcessor : Devtools property defaults active! Set 'spring.devtools.add-properties' to 'false' to disable
2023-05-02 14:20:35.053  INFO 17004 --- [restartedMain] .e.DevToolsPropertyDefaultsPostProcessor : For additional web related logging consider setting the 'logging.level.web' property to 'DEBUG'
2023-05-02 14:20:35.444  WARN 17004 --- [restartedMain] o.m.s.mapper.ClassPathMapperScanner      : No MyBatis mapper was found in '[com.mycom.trip]' package. Please check your configuration.
2023-05-02 14:20:35.692  INFO 17004 --- [restartedMain] o.s.b.w.embedded.tomcat.TomcatWebServer  : Tomcat initialized with port(s): 8080 (http)
2023-05-02 14:20:35.698  INFO 17004 --- [restartedMain] o.apache.catalina.core.StandardService   : Starting service [Tomcat]
2023-05-02 14:20:35.698  INFO 17004 --- [restartedMain] org.apache.catalina.core.StandardEngine  : Starting Servlet engine: [Apache Tomcat/9.0.74]
2023-05-02 14:20:35.739  INFO 17004 --- [restartedMain] o.a.c.c.C.[Tomcat].[localhost].[/]       : Initializing Spring embedded WebApplicationContext
2023-05-02 14:20:35.739  INFO 17004 --- [restartedMain] w.s.c.ServletWebServerApplicationContext : Root WebApplicationContext: initialization completed in 679 ms
2023-05-02 14:20:35.834  INFO 17004 --- [restartedMain] o.s.b.a.w.s.WelcomePageHandlerMapping    : Adding welcome page: class path resource [static/index.html]
2023-05-02 14:20:36.054  INFO 17004 --- [restartedMain] o.s.b.d.a.OptionalLiveReloadServer       : LiveReload server is running on port 35729
2023-05-02 14:20:36.074  INFO 17004 --- [restartedMain] o.s.b.w.embedded.tomcat.TomcatWebServer  : Tomcat started on port(s): 8080 (http) with context path ''
2023-05-02 14:20:36.082  INFO 17004 --- [restartedMain] com.mycom.trip.EnjoyTripApplication      : Started EnjoyTripApplication in 1.31 seconds (JVM running for 1.744)
2023-05-02 14:20:44.923  INFO 17004 --- [http-nio-8080-exec-1] o.a.c.c.C.[Tomcat].[localhost].[/]       : Initializing Spring DispatcherServlet 'dispatcherServlet'
2023-05-02 14:20:44.923  INFO 17004 --- [http-nio-8080-exec-1] o.s.web.servlet.DispatcherServlet        : Initializing Servlet 'dispatcherServlet'
2023-05-02 14:20:44.924  INFO 17004 --- [http-nio-8080-exec-1] o.s.web.servlet.DispatcherServlet        : Completed initialization in 1 ms
2023-05-02 14:23:20.813  INFO 17004 --- [File Watcher] rtingClassPathChangeChangedEventListener : Restarting due to 2 class path changes (0 additions, 0 deletions, 2 modifications)
2023-05-02 14:23:20.858  INFO 17004 --- [Thread-7] o.apache.catalina.core.StandardService   : Stopping service [Tomcat]
2023-05-02 14:23:20.859  INFO 17004 --- [Thread-7] o.a.c.c.C.[Tomcat].[localhost].[/]       : Destroying Spring FrameworkServlet 'dispatcherServlet'
2023-05-02 14:23:20.978  INFO 17004 --- [restartedMain] com.mycom.trip.EnjoyTripApplication      : Starting EnjoyTripApplication using Java 1.8.0_192 on DESKTOP-DOGVPUB with PID 17004 (C:\SSAFY\KIMKYURI\STS-Workspace\enjoytrip_6_spring_10j_g_l\EnjoyTrip\bin\main started by SSAFY in C:\SSAFY\KIMKYURI\STS-Workspace\enjoytrip_6_spring_10j_g_l\EnjoyTrip)
2023-05-02 14:23:20.979  INFO 17004 --- [restartedMain] com.mycom.trip.EnjoyTripApplication      : No active profile set, falling back to 1 default profile: "default"
2023-05-02 14:23:21.108  WARN 17004 --- [restartedMain] o.m.s.mapper.ClassPathMapperScanner      : No MyBatis mapper was found in '[com.mycom.trip]' package. Please check your configuration.
2023-05-02 14:23:21.153  INFO 17004 --- [restartedMain] o.s.b.w.embedded.tomcat.TomcatWebServer  : Tomcat initialized with port(s): 8080 (http)
2023-05-02 14:23:21.153  INFO 17004 --- [restartedMain] o.apache.catalina.core.StandardService   : Starting service [Tomcat]
2023-05-02 14:23:21.154  INFO 17004 --- [restartedMain] org.apache.catalina.core.StandardEngine  : Starting Servlet engine: [Apache Tomcat/9.0.74]
2023-05-02 14:23:21.170  INFO 17004 --- [restartedMain] o.a.c.c.C.[Tomcat].[localhost].[/]       : Initializing Spring embedded WebApplicationContext
2023-05-02 14:23:21.170  INFO 17004 --- [restartedMain] w.s.c.ServletWebServerApplicationContext : Root WebApplicationContext: initialization completed in 189 ms
2023-05-02 14:23:21.192  INFO 17004 --- [restartedMain] o.s.b.a.w.s.WelcomePageHandlerMapping    : Adding welcome page: class path resource [static/index.html]
2023-05-02 14:23:21.242  INFO 17004 --- [restartedMain] o.s.b.d.a.OptionalLiveReloadServer       : LiveReload server is running on port 35729
2023-05-02 14:23:21.249  INFO 17004 --- [restartedMain] o.s.b.w.embedded.tomcat.TomcatWebServer  : Tomcat started on port(s): 8080 (http) with context path ''
2023-05-02 14:23:21.253  INFO 17004 --- [restartedMain] com.mycom.trip.EnjoyTripApplication      : Started EnjoyTripApplication in 0.299 seconds (JVM running for 166.915)
2023-05-02 14:23:21.256  INFO 17004 --- [restartedMain] .ConditionEvaluationDeltaLoggingListener : Condition evaluation unchanged
2023-05-02 14:23:41.528  INFO 17004 --- [File Watcher] rtingClassPathChangeChangedEventListener : Restarting due to 3 class path changes (1 addition, 1 deletion, 1 modification)
2023-05-02 14:23:41.572  INFO 17004 --- [Thread-13] o.apache.catalina.core.StandardService   : Stopping service [Tomcat]
2023-05-02 14:23:41.659  INFO 17004 --- [restartedMain] com.mycom.trip.EnjoyTripApplication      : Starting EnjoyTripApplication using Java 1.8.0_192 on DESKTOP-DOGVPUB with PID 17004 (C:\SSAFY\KIMKYURI\STS-Workspace\enjoytrip_6_spring_10j_g_l\EnjoyTrip\bin\main started by SSAFY in C:\SSAFY\KIMKYURI\STS-Workspace\enjoytrip_6_spring_10j_g_l\EnjoyTrip)
2023-05-02 14:23:41.659  INFO 17004 --- [restartedMain] com.mycom.trip.EnjoyTripApplication      : No active profile set, falling back to 1 default profile: "default"
2023-05-02 14:23:41.769  WARN 17004 --- [restartedMain] o.m.s.mapper.ClassPathMapperScanner      : No MyBatis mapper was found in '[com.mycom.trip]' package. Please check your configuration.
2023-05-02 14:23:41.801  INFO 17004 --- [restartedMain] o.s.b.w.embedded.tomcat.TomcatWebServer  : Tomcat initialized with port(s): 8080 (http)
2023-05-02 14:23:41.802  INFO 17004 --- [restartedMain] o.apache.catalina.core.StandardService   : Starting service [Tomcat]
2023-05-02 14:23:41.802  INFO 17004 --- [restartedMain] org.apache.catalina.core.StandardEngine  : Starting Servlet engine: [Apache Tomcat/9.0.74]
2023-05-02 14:23:41.810  INFO 17004 --- [restartedMain] o.a.c.c.C.[Tomcat].[localhost].[/]       : Initializing Spring embedded WebApplicationContext
2023-05-02 14:23:41.811  INFO 17004 --- [restartedMain] w.s.c.ServletWebServerApplicationContext : Root WebApplicationContext: initialization completed in 151 ms
2023-05-02 14:23:41.829  INFO 17004 --- [restartedMain] o.s.b.a.w.s.WelcomePageHandlerMapping    : Adding welcome page: class path resource [static/index.html]
2023-05-02 14:23:41.875  INFO 17004 --- [restartedMain] o.s.b.d.a.OptionalLiveReloadServer       : LiveReload server is running on port 35729
2023-05-02 14:23:41.881  INFO 17004 --- [restartedMain] o.s.b.w.embedded.tomcat.TomcatWebServer  : Tomcat started on port(s): 8080 (http) with context path ''
2023-05-02 14:23:41.884  INFO 17004 --- [restartedMain] com.mycom.trip.EnjoyTripApplication      : Started EnjoyTripApplication in 0.248 seconds (JVM running for 187.547)
2023-05-02 14:23:41.885  INFO 17004 --- [restartedMain] .ConditionEvaluationDeltaLoggingListener : Condition evaluation unchanged
2023-05-02 14:24:13.244  INFO 17004 --- [File Watcher] rtingClassPathChangeChangedEventListener : Restarting due to 2 class path changes (1 addition, 0 deletions, 1 modification)
2023-05-02 14:24:13.287  INFO 17004 --- [Thread-19] o.apache.catalina.core.StandardService   : Stopping service [Tomcat]
2023-05-02 14:24:13.373  INFO 17004 --- [restartedMain] com.mycom.trip.EnjoyTripApplication      : Starting EnjoyTripApplication using Java 1.8.0_192 on DESKTOP-DOGVPUB with PID 17004 (C:\SSAFY\KIMKYURI\STS-Workspace\enjoytrip_6_spring_10j_g_l\EnjoyTrip\bin\main started by SSAFY in C:\SSAFY\KIMKYURI\STS-Workspace\enjoytrip_6_spring_10j_g_l\EnjoyTrip)
2023-05-02 14:24:13.373  INFO 17004 --- [restartedMain] com.mycom.trip.EnjoyTripApplication      : No active profile set, falling back to 1 default profile: "default"
2023-05-02 14:24:13.487  WARN 17004 --- [restartedMain] o.m.s.mapper.ClassPathMapperScanner      : No MyBatis mapper was found in '[com.mycom.trip]' package. Please check your configuration.
2023-05-02 14:24:13.527  INFO 17004 --- [restartedMain] o.s.b.w.embedded.tomcat.TomcatWebServer  : Tomcat initialized with port(s): 8080 (http)
2023-05-02 14:24:13.527  INFO 17004 --- [restartedMain] o.apache.catalina.core.StandardService   : Starting service [Tomcat]
2023-05-02 14:24:13.527  INFO 17004 --- [restartedMain] org.apache.catalina.core.StandardEngine  : Starting Servlet engine: [Apache Tomcat/9.0.74]
2023-05-02 14:24:13.544  INFO 17004 --- [restartedMain] o.a.c.c.C.[Tomcat].[localhost].[/]       : Initializing Spring embedded WebApplicationContext
2023-05-02 14:24:13.544  INFO 17004 --- [restartedMain] w.s.c.ServletWebServerApplicationContext : Root WebApplicationContext: initialization completed in 168 ms
2023-05-02 14:24:13.562  INFO 17004 --- [restartedMain] o.s.b.a.w.s.WelcomePageHandlerMapping    : Adding welcome page: class path resource [static/index.html]
2023-05-02 14:24:13.604  INFO 17004 --- [restartedMain] o.s.b.d.a.OptionalLiveReloadServer       : LiveReload server is running on port 35729
2023-05-02 14:24:13.609  INFO 17004 --- [restartedMain] o.s.b.w.embedded.tomcat.TomcatWebServer  : Tomcat started on port(s): 8080 (http) with context path ''
2023-05-02 14:24:13.613  INFO 17004 --- [restartedMain] com.mycom.trip.EnjoyTripApplication      : Started EnjoyTripApplication in 0.258 seconds (JVM running for 219.274)
2023-05-02 14:24:13.614  INFO 17004 --- [restartedMain] .ConditionEvaluationDeltaLoggingListener : Condition evaluation unchanged
2023-05-02 14:37:21.525  INFO 17004 --- [http-nio-8080-exec-1] o.a.c.c.C.[Tomcat].[localhost].[/]       : Initializing Spring DispatcherServlet 'dispatcherServlet'
2023-05-02 14:37:21.526  INFO 17004 --- [http-nio-8080-exec-1] o.s.web.servlet.DispatcherServlet        : Initializing Servlet 'dispatcherServlet'
2023-05-02 14:37:21.527  INFO 17004 --- [http-nio-8080-exec-1] o.s.web.servlet.DispatcherServlet        : Completed initialization in 1 ms
2023-05-02 15:05:30.802  INFO 17004 --- [File Watcher] rtingClassPathChangeChangedEventListener : Restarting due to 2 class path changes (0 additions, 0 deletions, 2 modifications)
2023-05-02 15:05:30.843  INFO 17004 --- [Thread-25] o.apache.catalina.core.StandardService   : Stopping service [Tomcat]
2023-05-02 15:05:30.844  INFO 17004 --- [Thread-25] o.a.c.c.C.[Tomcat].[localhost].[/]       : Destroying Spring FrameworkServlet 'dispatcherServlet'
2023-05-02 15:05:30.953  INFO 17004 --- [restartedMain] com.mycom.trip.EnjoyTripApplication      : Starting EnjoyTripApplication using Java 1.8.0_192 on DESKTOP-DOGVPUB with PID 17004 (C:\SSAFY\KIMKYURI\STS-Workspace\enjoytrip_6_spring_10j_g_l\EnjoyTrip\bin\main started by SSAFY in C:\SSAFY\KIMKYURI\STS-Workspace\enjoytrip_6_spring_10j_g_l\EnjoyTrip)
2023-05-02 15:05:30.953  INFO 17004 --- [restartedMain] com.mycom.trip.EnjoyTripApplication      : No active profile set, falling back to 1 default profile: "default"
2023-05-02 15:05:31.084  WARN 17004 --- [restartedMain] o.m.s.mapper.ClassPathMapperScanner      : No MyBatis mapper was found in '[com.mycom.trip]' package. Please check your configuration.
2023-05-02 15:05:31.122  INFO 17004 --- [restartedMain] o.s.b.w.embedded.tomcat.TomcatWebServer  : Tomcat initialized with port(s): 8080 (http)
2023-05-02 15:05:31.123  INFO 17004 --- [restartedMain] o.apache.catalina.core.StandardService   : Starting service [Tomcat]
2023-05-02 15:05:31.123  INFO 17004 --- [restartedMain] org.apache.catalina.core.StandardEngine  : Starting Servlet engine: [Apache Tomcat/9.0.74]
2023-05-02 15:05:31.131  INFO 17004 --- [restartedMain] o.a.c.c.C.[Tomcat].[localhost].[/]       : Initializing Spring embedded WebApplicationContext
2023-05-02 15:05:31.131  INFO 17004 --- [restartedMain] w.s.c.ServletWebServerApplicationContext : Root WebApplicationContext: initialization completed in 176 ms
2023-05-02 15:05:31.148  INFO 17004 --- [restartedMain] o.s.b.a.w.s.WelcomePageHandlerMapping    : Adding welcome page: class path resource [static/index.html]
2023-05-02 15:05:31.189  INFO 17004 --- [restartedMain] o.s.b.d.a.OptionalLiveReloadServer       : LiveReload server is running on port 35729
2023-05-02 15:05:31.194  INFO 17004 --- [restartedMain] o.s.b.w.embedded.tomcat.TomcatWebServer  : Tomcat started on port(s): 8080 (http) with context path ''
2023-05-02 15:05:31.198  INFO 17004 --- [restartedMain] com.mycom.trip.EnjoyTripApplication      : Started EnjoyTripApplication in 0.269 seconds (JVM running for 2696.86)
2023-05-02 15:05:31.199  INFO 17004 --- [restartedMain] .ConditionEvaluationDeltaLoggingListener : Condition evaluation unchanged
2023-05-02 15:05:31.979  INFO 17004 --- [http-nio-8080-exec-1] o.a.c.c.C.[Tomcat].[localhost].[/]       : Initializing Spring DispatcherServlet 'dispatcherServlet'
2023-05-02 15:05:31.980  INFO 17004 --- [http-nio-8080-exec-1] o.s.web.servlet.DispatcherServlet        : Initializing Servlet 'dispatcherServlet'
2023-05-02 15:05:31.981  INFO 17004 --- [http-nio-8080-exec-1] o.s.web.servlet.DispatcherServlet        : Completed initialization in 1 ms
2023-05-02 15:18:34.846  INFO 17004 --- [File Watcher] rtingClassPathChangeChangedEventListener : Restarting due to 2 class path changes (0 additions, 0 deletions, 2 modifications)
2023-05-02 15:18:34.888  INFO 17004 --- [Thread-31] o.apache.catalina.core.StandardService   : Stopping service [Tomcat]
2023-05-02 15:18:34.889  INFO 17004 --- [Thread-31] o.a.c.c.C.[Tomcat].[localhost].[/]       : Destroying Spring FrameworkServlet 'dispatcherServlet'
2023-05-02 15:18:34.973  INFO 17004 --- [restartedMain] com.mycom.trip.EnjoyTripApplication      : Starting EnjoyTripApplication using Java 1.8.0_192 on DESKTOP-DOGVPUB with PID 17004 (C:\SSAFY\KIMKYURI\STS-Workspace\enjoytrip_6_spring_10j_g_l\EnjoyTrip\bin\main started by SSAFY in C:\SSAFY\KIMKYURI\STS-Workspace\enjoytrip_6_spring_10j_g_l\EnjoyTrip)
2023-05-02 15:18:34.973  INFO 17004 --- [restartedMain] com.mycom.trip.EnjoyTripApplication      : No active profile set, falling back to 1 default profile: "default"
2023-05-02 15:18:35.082  WARN 17004 --- [restartedMain] o.m.s.mapper.ClassPathMapperScanner      : No MyBatis mapper was found in '[com.mycom.trip]' package. Please check your configuration.
2023-05-02 15:18:35.121  INFO 17004 --- [restartedMain] o.s.b.w.embedded.tomcat.TomcatWebServer  : Tomcat initialized with port(s): 8080 (http)
2023-05-02 15:18:35.121  INFO 17004 --- [restartedMain] o.apache.catalina.core.StandardService   : Starting service [Tomcat]
2023-05-02 15:18:35.121  INFO 17004 --- [restartedMain] org.apache.catalina.core.StandardEngine  : Starting Servlet engine: [Apache Tomcat/9.0.74]
2023-05-02 15:18:35.127  INFO 17004 --- [restartedMain] o.a.c.c.C.[Tomcat].[localhost].[/]       : Initializing Spring embedded WebApplicationContext
2023-05-02 15:18:35.127  INFO 17004 --- [restartedMain] w.s.c.ServletWebServerApplicationContext : Root WebApplicationContext: initialization completed in 153 ms
2023-05-02 15:18:35.143  INFO 17004 --- [restartedMain] o.s.b.a.w.s.WelcomePageHandlerMapping    : Adding welcome page: class path resource [static/index.html]
2023-05-02 15:18:35.181  INFO 17004 --- [restartedMain] o.s.b.d.a.OptionalLiveReloadServer       : LiveReload server is running on port 35729
2023-05-02 15:18:35.187  INFO 17004 --- [restartedMain] o.s.b.w.embedded.tomcat.TomcatWebServer  : Tomcat started on port(s): 8080 (http) with context path ''
2023-05-02 15:18:35.190  INFO 17004 --- [restartedMain] com.mycom.trip.EnjoyTripApplication      : Started EnjoyTripApplication in 0.236 seconds (JVM running for 3480.853)
2023-05-02 15:18:35.191  INFO 17004 --- [restartedMain] .ConditionEvaluationDeltaLoggingListener : Condition evaluation unchanged
2023-05-02 15:18:48.682  INFO 17004 --- [File Watcher] rtingClassPathChangeChangedEventListener : Restarting due to 2 class path changes (1 addition, 0 deletions, 1 modification)
2023-05-02 15:18:48.724  INFO 17004 --- [Thread-37] o.apache.catalina.core.StandardService   : Stopping service [Tomcat]
2023-05-02 15:18:48.796  INFO 17004 --- [restartedMain] com.mycom.trip.EnjoyTripApplication      : Starting EnjoyTripApplication using Java 1.8.0_192 on DESKTOP-DOGVPUB with PID 17004 (C:\SSAFY\KIMKYURI\STS-Workspace\enjoytrip_6_spring_10j_g_l\EnjoyTrip\bin\main started by SSAFY in C:\SSAFY\KIMKYURI\STS-Workspace\enjoytrip_6_spring_10j_g_l\EnjoyTrip)
2023-05-02 15:18:48.796  INFO 17004 --- [restartedMain] com.mycom.trip.EnjoyTripApplication      : No active profile set, falling back to 1 default profile: "default"
2023-05-02 15:18:48.905  WARN 17004 --- [restartedMain] o.m.s.mapper.ClassPathMapperScanner      : No MyBatis mapper was found in '[com.mycom.trip]' package. Please check your configuration.
2023-05-02 15:18:48.928  INFO 17004 --- [restartedMain] o.s.b.w.embedded.tomcat.TomcatWebServer  : Tomcat initialized with port(s): 8080 (http)
2023-05-02 15:18:48.929  INFO 17004 --- [restartedMain] o.apache.catalina.core.StandardService   : Starting service [Tomcat]
2023-05-02 15:18:48.929  INFO 17004 --- [restartedMain] org.apache.catalina.core.StandardEngine  : Starting Servlet engine: [Apache Tomcat/9.0.74]
2023-05-02 15:18:48.943  INFO 17004 --- [restartedMain] o.a.c.c.C.[Tomcat].[localhost].[/]       : Initializing Spring embedded WebApplicationContext
2023-05-02 15:18:48.944  INFO 17004 --- [restartedMain] w.s.c.ServletWebServerApplicationContext : Root WebApplicationContext: initialization completed in 146 ms
2023-05-02 15:18:48.959  INFO 17004 --- [restartedMain] o.s.b.a.w.s.WelcomePageHandlerMapping    : Adding welcome page: class path resource [static/index.html]
2023-05-02 15:18:48.997  INFO 17004 --- [restartedMain] o.s.b.d.a.OptionalLiveReloadServer       : LiveReload server is running on port 35729
2023-05-02 15:18:49.002  INFO 17004 --- [restartedMain] o.s.b.w.embedded.tomcat.TomcatWebServer  : Tomcat started on port(s): 8080 (http) with context path ''
2023-05-02 15:18:49.006  INFO 17004 --- [restartedMain] com.mycom.trip.EnjoyTripApplication      : Started EnjoyTripApplication in 0.229 seconds (JVM running for 3494.668)
2023-05-02 15:18:49.008  INFO 17004 --- [restartedMain] .ConditionEvaluationDeltaLoggingListener : Condition evaluation unchanged
2023-05-02 15:19:01.883  INFO 17004 --- [File Watcher] rtingClassPathChangeChangedEventListener : Restarting due to 3 class path changes (1 addition, 1 deletion, 1 modification)
2023-05-02 15:19:01.925  INFO 17004 --- [Thread-43] o.apache.catalina.core.StandardService   : Stopping service [Tomcat]
2023-05-02 15:19:01.997  INFO 17004 --- [restartedMain] com.mycom.trip.EnjoyTripApplication      : Starting EnjoyTripApplication using Java 1.8.0_192 on DESKTOP-DOGVPUB with PID 17004 (C:\SSAFY\KIMKYURI\STS-Workspace\enjoytrip_6_spring_10j_g_l\EnjoyTrip\bin\main started by SSAFY in C:\SSAFY\KIMKYURI\STS-Workspace\enjoytrip_6_spring_10j_g_l\EnjoyTrip)
2023-05-02 15:19:01.997  INFO 17004 --- [restartedMain] com.mycom.trip.EnjoyTripApplication      : No active profile set, falling back to 1 default profile: "default"
2023-05-02 15:19:02.098  WARN 17004 --- [restartedMain] o.m.s.mapper.ClassPathMapperScanner      : No MyBatis mapper was found in '[com.mycom.trip]' package. Please check your configuration.
2023-05-02 15:19:02.127  INFO 17004 --- [restartedMain] o.s.b.w.embedded.tomcat.TomcatWebServer  : Tomcat initialized with port(s): 8080 (http)
2023-05-02 15:19:02.127  INFO 17004 --- [restartedMain] o.apache.catalina.core.StandardService   : Starting service [Tomcat]
2023-05-02 15:19:02.127  INFO 17004 --- [restartedMain] org.apache.catalina.core.StandardEngine  : Starting Servlet engine: [Apache Tomcat/9.0.74]
2023-05-02 15:19:02.135  INFO 17004 --- [restartedMain] o.a.c.c.C.[Tomcat].[localhost].[/]       : Initializing Spring embedded WebApplicationContext
2023-05-02 15:19:02.135  INFO 17004 --- [restartedMain] w.s.c.ServletWebServerApplicationContext : Root WebApplicationContext: initialization completed in 136 ms
2023-05-02 15:19:02.153  INFO 17004 --- [restartedMain] o.s.b.a.w.s.WelcomePageHandlerMapping    : Adding welcome page: class path resource [static/index.html]
2023-05-02 15:19:02.189  INFO 17004 --- [restartedMain] o.s.b.d.a.OptionalLiveReloadServer       : LiveReload server is running on port 35729
2023-05-02 15:19:02.194  INFO 17004 --- [restartedMain] o.s.b.w.embedded.tomcat.TomcatWebServer  : Tomcat started on port(s): 8080 (http) with context path ''
2023-05-02 15:19:02.199  INFO 17004 --- [restartedMain] com.mycom.trip.EnjoyTripApplication      : Started EnjoyTripApplication in 0.222 seconds (JVM running for 3507.862)
2023-05-02 15:19:02.200  INFO 17004 --- [restartedMain] .ConditionEvaluationDeltaLoggingListener : Condition evaluation unchanged
2023-05-02 15:19:30.655  INFO 17004 --- [File Watcher] rtingClassPathChangeChangedEventListener : Restarting due to 2 class path changes (0 additions, 0 deletions, 2 modifications)
2023-05-02 15:19:30.698  INFO 17004 --- [Thread-49] o.apache.catalina.core.StandardService   : Stopping service [Tomcat]
2023-05-02 15:19:30.772  INFO 17004 --- [restartedMain] com.mycom.trip.EnjoyTripApplication      : Starting EnjoyTripApplication using Java 1.8.0_192 on DESKTOP-DOGVPUB with PID 17004 (C:\SSAFY\KIMKYURI\STS-Workspace\enjoytrip_6_spring_10j_g_l\EnjoyTrip\bin\main started by SSAFY in C:\SSAFY\KIMKYURI\STS-Workspace\enjoytrip_6_spring_10j_g_l\EnjoyTrip)
2023-05-02 15:19:30.773  INFO 17004 --- [restartedMain] com.mycom.trip.EnjoyTripApplication      : No active profile set, falling back to 1 default profile: "default"
2023-05-02 15:19:30.884  WARN 17004 --- [restartedMain] o.m.s.mapper.ClassPathMapperScanner      : No MyBatis mapper was found in '[com.mycom.trip]' package. Please check your configuration.
2023-05-02 15:19:30.923  INFO 17004 --- [restartedMain] o.s.b.w.embedded.tomcat.TomcatWebServer  : Tomcat initialized with port(s): 8080 (http)
2023-05-02 15:19:30.923  INFO 17004 --- [restartedMain] o.apache.catalina.core.StandardService   : Starting service [Tomcat]
2023-05-02 15:19:30.923  INFO 17004 --- [restartedMain] org.apache.catalina.core.StandardEngine  : Starting Servlet engine: [Apache Tomcat/9.0.74]
2023-05-02 15:19:30.937  INFO 17004 --- [restartedMain] o.a.c.c.C.[Tomcat].[localhost].[/]       : Initializing Spring embedded WebApplicationContext
2023-05-02 15:19:30.938  INFO 17004 --- [restartedMain] w.s.c.ServletWebServerApplicationContext : Root WebApplicationContext: initialization completed in 164 ms
2023-05-02 15:19:30.956  INFO 17004 --- [restartedMain] o.s.b.a.w.s.WelcomePageHandlerMapping    : Adding welcome page: class path resource [static/index.html]
2023-05-02 15:19:30.999  INFO 17004 --- [restartedMain] o.s.b.d.a.OptionalLiveReloadServer       : LiveReload server is running on port 35729
2023-05-02 15:19:31.005  INFO 17004 --- [restartedMain] o.s.b.w.embedded.tomcat.TomcatWebServer  : Tomcat started on port(s): 8080 (http) with context path ''
2023-05-02 15:19:31.008  INFO 17004 --- [restartedMain] com.mycom.trip.EnjoyTripApplication      : Started EnjoyTripApplication in 0.253 seconds (JVM running for 3536.669)
2023-05-02 15:19:31.008  INFO 17004 --- [restartedMain] .ConditionEvaluationDeltaLoggingListener : Condition evaluation unchanged
2023-05-02 15:20:56.792  INFO 17004 --- [http-nio-8080-exec-1] o.a.c.c.C.[Tomcat].[localhost].[/]       : Initializing Spring DispatcherServlet 'dispatcherServlet'
2023-05-02 15:20:56.795  INFO 17004 --- [http-nio-8080-exec-1] o.s.web.servlet.DispatcherServlet        : Initializing Servlet 'dispatcherServlet'
2023-05-02 15:20:56.795  INFO 17004 --- [http-nio-8080-exec-1] o.s.web.servlet.DispatcherServlet        : Completed initialization in 0 ms
